<?xml version="1.0" encoding="UTF-8"?>
<!-- Generated by org.testng.reporters.JUnitXMLReporter -->
<testsuite ignored="4" hostname="Shokhrukh" failures="0" tests="6" name="Test" time="0.04" errors="0" timestamp="2023-06-04T14:33:15 EDT">
  <testcase classname="demo_testng.OnlineMarket" name="testB1" time="0.006"/>
  <testcase classname="demo_testng.OnlineMarket" name="testB2" time="0.001"/>
  <testcase classname="demo_testng.OnlineMarket" name="testB4" time="0.0"/>
  <testcase classname="demo_testng.OnlineMarket" name="testB5" time="0.0"/>
  <testcase classname="demo_testng.BankingAppTest" name="testA1" time="0.001"/>
  <testcase classname="demo_testng.BankingAppTest" name="testA2" time="0.0"/>
  <testcase classname="demo_testng.OnlineMarket" name="testB3" time="0.0">
    <ignored/>
  </testcase> <!-- testB3 -->
  <testcase classname="demo_testng.BankingAppTest" name="testA3" time="0.0">
    <ignored/>
  </testcase> <!-- testA3 -->
  <testcase classname="demo_testng.BankingAppTest" name="testA4" time="0.0">
    <ignored/>
  </testcase> <!-- testA4 -->
  <testcase classname="demo_testng.BankingAppTest" name="testA5" time="0.0">
    <ignored/>
  </testcase> <!-- testA5 -->
</testsuite> <!-- Test -->
