<?xml version="1.0" encoding="UTF-8"?>
<!-- Generated by org.testng.reporters.JUnitXMLReporter -->
<testsuite ignored="0" hostname="Shokhrukh" failures="0" tests="6" name="Banking app" time="2.125" errors="0" timestamp="2023-06-04T19:12:45 EDT">
  <testcase classname="css_selector.cssDemo" name="Test1" time="0.755"/>
  <testcase classname="demo_testng.OnlineMarket" name="testB1" time="0.001"/>
  <testcase classname="demo_testng.OnlineMarket" name="testB2" time="0.002"/>
  <testcase classname="demo_testng.OnlineMarket" name="testB3" time="0.0"/>
  <testcase classname="demo_testng.OnlineMarket" name="testB4" time="0.001"/>
  <testcase classname="demo_testng.OnlineMarket" name="testB5" time="0.0"/>
</testsuite> <!-- Banking app -->
