<?xml version="1.0" encoding="UTF-8"?>
<!-- Generated by org.testng.reporters.JUnitXMLReporter -->
<testsuite ignored="0" hostname="Shokhrukh" failures="2" tests="12" name="Credit app" time="0.026" errors="0" timestamp="2023-06-04T19:12:45 EDT">
  <testcase classname="junitdemo.jUnitDemo" name="test1" time="0.003">
    <failure type="java.lang.AssertionError" message="null">
      <![CDATA[java.lang.AssertionError: null
at junitdemo.jUnitDemo.test1(jUnitDemo.java:29)
at java.base/java.util.ArrayList.forEach(ArrayList.java:1511)
... Removed 29 stack frames]]>
    </failure>
  </testcase> <!-- test1 -->
  <testcase classname="junitdemo.jUnitDemo" name="test2" time="0.001"/>
  <testcase classname="demo_testng.DemoTestNG" name="test" time="0.001"/>
  <testcase classname="demo_testng.DemoTestNG" name="test1" time="0.001"/>
  <testcase classname="demo_testng.DemoTestNG" name="test2" time="0.001">
    <failure type="java.lang.AssertionError" message="null">
      <![CDATA[java.lang.AssertionError: null
at demo_testng.DemoTestNG.test2(DemoTestNG.java:18)
at java.base/java.util.ArrayList.forEach(ArrayList.java:1511)
... Removed 29 stack frames]]>
    </failure>
  </testcase> <!-- test2 -->
  <testcase classname="demo_testng.DemoTestNG" name="test3" time="0.001"/>
  <testcase classname="demo_testng.DemoTestNG" name="test4" time="0.002"/>
  <testcase classname="demo_testng.BankingAppTest" name="testA1" time="0.0"/>
  <testcase classname="demo_testng.BankingAppTest" name="testA2" time="0.001"/>
  <testcase classname="demo_testng.BankingAppTest" name="testA3" time="0.0"/>
  <testcase classname="demo_testng.BankingAppTest" name="testA4" time="0.001"/>
  <testcase classname="demo_testng.BankingAppTest" name="testA5" time="0.001"/>
</testsuite> <!-- Credit app -->
